21:23:09.675 [localhost-startStop-1] DEBUG c.c.assistant.service.ShiroDbRealm - ?? ShiroDbRealm.setAccountInfoService()
21:23:09.676 [localhost-startStop-1] DEBUG c.c.assistant.service.ShiroDbRealm - ?? ShiroDbRealm.initCredentialsMatcher()
21:29:03.407 [http-bio-9080-exec-5] DEBUG c.c.a.controller.LoginController - ?? LoginController.login()
21:29:08.391 [http-bio-9080-exec-1] DEBUG c.c.assistant.service.ShiroDbRealm - ?? ShiroDbRealm.doGetAuthenticationInfo()
21:29:08.482 [http-bio-9080-exec-1] DEBUG c.c.a.controller.HomeController - ?? HomeController.home()
21:29:10.174 [http-bio-9080-exec-1] WARN  o.s.web.servlet.PageNotFound - Request method 'GET' not supported
21:29:13.589 [http-bio-9080-exec-1] DEBUG c.c.a.controller.CustomerController - ?? CustomerController.customer()
21:29:13.792 [http-bio-9080-exec-3] DEBUG c.c.a.controller.CustomerController - ?? CustomerController.getAll()
21:29:13.811 [http-bio-9080-exec-3] DEBUG c.c.a.service.CustomerService - ?? CustomerService.findCustInfoById()
21:29:15.839 [http-bio-9080-exec-3] DEBUG c.c.a.controller.CustomerController - ?? CustomerController.update()
21:30:20.343 [http-bio-9080-exec-8] DEBUG c.c.a.controller.CustomerController - ?? CustomerController.add()
21:30:20.344 [http-bio-9080-exec-8] DEBUG c.c.a.controller.CustomerController - #customer=CustInfo [custId=null, custName=??, custCompany=????, custJob=?????, custAddress=?????xxx, custPortrait=null, remark=xxx??, emails=null, phones=null]
21:30:20.344 [http-bio-9080-exec-8] DEBUG c.c.a.service.CustomerService - ?? CustomerService.save()
21:32:37.196 [http-bio-9080-exec-9] DEBUG c.c.a.controller.CustomerController - ?? CustomerController.update()
21:40:53.393 [http-bio-9080-exec-10] DEBUG c.c.a.controller.CustomerController - ?? CustomerController.customer()
21:40:54.412 [http-bio-9080-exec-7] DEBUG c.c.a.controller.CustomerController - ?? CustomerController.getAll()
21:40:54.413 [http-bio-9080-exec-7] DEBUG c.c.a.service.CustomerService - ?? CustomerService.findCustInfoById()
21:41:07.378 [http-bio-9080-exec-7] DEBUG c.c.a.controller.CustomerController - ?? CustomerController.add()
21:41:07.378 [http-bio-9080-exec-7] DEBUG c.c.a.controller.CustomerController - #customer=CustInfo [custId=null, custName=121, custCompany=111, custJob=111, custAddress=111, custPortrait=null, remark=111, emails=null, phones=null]
21:41:07.379 [http-bio-9080-exec-7] DEBUG c.c.a.service.CustomerService - ?? CustomerService.save()
21:41:27.016 [http-bio-9080-exec-7] DEBUG c.c.a.controller.CustomerController - ?? CustomerController.customer()
21:41:27.280 [http-bio-9080-exec-10] DEBUG c.c.a.controller.CustomerController - ?? CustomerController.getAll()
21:41:27.280 [http-bio-9080-exec-10] DEBUG c.c.a.service.CustomerService - ?? CustomerService.findCustInfoById()
21:41:31.359 [http-bio-9080-exec-10] DEBUG c.c.a.controller.CustomerController - ?? CustomerController.customer()
21:41:31.497 [http-bio-9080-exec-5] DEBUG c.c.a.controller.CustomerController - ?? CustomerController.getAll()
21:41:31.497 [http-bio-9080-exec-5] DEBUG c.c.a.service.CustomerService - ?? CustomerService.findCustInfoById()
21:41:38.995 [http-bio-9080-exec-5] DEBUG c.c.a.controller.CustomerController - ?? CustomerController.add()
21:41:38.995 [http-bio-9080-exec-5] DEBUG c.c.a.controller.CustomerController - #customer=CustInfo [custId=null, custName=333, custCompany=333, custJob=33, custAddress=333, custPortrait=null, remark=2234, emails=null, phones=null]
21:41:38.995 [http-bio-9080-exec-5] DEBUG c.c.a.service.CustomerService - ?? CustomerService.save()
21:41:52.634 [http-bio-9080-exec-5] DEBUG c.c.a.controller.CustomerController - ?? CustomerController.add()
21:41:52.635 [http-bio-9080-exec-5] DEBUG c.c.a.controller.CustomerController - #customer=CustInfo [custId=null, custName=111111, custCompany=111, custJob=111, custAddress=111, custPortrait=null, remark=1234123, emails=null, phones=null]
21:41:52.635 [http-bio-9080-exec-5] DEBUG c.c.a.service.CustomerService - ?? CustomerService.save()
21:43:03.735 [http-bio-9080-exec-4] DEBUG c.c.a.controller.CustomerController - ?? CustomerController.customer()
21:43:04.085 [http-bio-9080-exec-11] DEBUG c.c.a.controller.CustomerController - ?? CustomerController.getAll()
21:43:04.085 [http-bio-9080-exec-11] DEBUG c.c.a.service.CustomerService - ?? CustomerService.findCustInfoById()
21:43:17.317 [http-bio-9080-exec-11] DEBUG c.c.a.controller.CustomerController - ?? CustomerController.add()
21:43:17.317 [http-bio-9080-exec-11] DEBUG c.c.a.controller.CustomerController - #customer=CustInfo [custId=null, custName=1, custCompany=1, custJob=1, custAddress=1, custPortrait=null, remark=1, emails=null, phones=null]
21:43:17.317 [http-bio-9080-exec-11] DEBUG c.c.a.service.CustomerService - ?? CustomerService.save()
21:44:43.635 [http-bio-9080-exec-5] DEBUG c.c.a.controller.CustomerController - ?? CustomerController.customer()
21:44:44.005 [http-bio-9080-exec-10] DEBUG c.c.a.controller.CustomerController - ?? CustomerController.getAll()
21:44:44.005 [http-bio-9080-exec-10] DEBUG c.c.a.service.CustomerService - ?? CustomerService.findCustInfoById()
21:52:56.785 [http-bio-9080-exec-13] DEBUG c.c.a.controller.CustomerController - ?? CustomerController.customer()
21:52:57.143 [http-bio-9080-exec-5] DEBUG c.c.a.controller.CustomerController - ?? CustomerController.getAll()
21:52:57.143 [http-bio-9080-exec-5] DEBUG c.c.a.service.CustomerService - ?? CustomerService.findCustInfoById()
