11:40:01.756 [localhost-startStop-1] DEBUG c.c.assistant.service.ShiroDbRealm - 进入 ShiroDbRealm.setAccountInfoService()
11:40:01.760 [localhost-startStop-1] DEBUG c.c.assistant.service.ShiroDbRealm - 进入 ShiroDbRealm.initCredentialsMatcher()
11:42:21.852 [http-bio-9080-exec-4] DEBUG c.c.a.controller.LoginController - 进入 LoginController.login()
11:42:27.342 [http-bio-9080-exec-7] DEBUG c.c.assistant.service.ShiroDbRealm - 进入 ShiroDbRealm.doGetAuthenticationInfo()
11:42:27.519 [http-bio-9080-exec-7] DEBUG c.c.a.controller.HomeController - 进入 HomeController.home()
11:42:29.373 [http-bio-9080-exec-7] DEBUG c.c.a.controller.TagController - 进入 TagController.settingsTags()
11:42:31.718 [http-bio-9080-exec-7] DEBUG c.c.a.controller.TagController - 进入 TagController.customer()
11:42:31.718 [http-bio-9080-exec-7] DEBUG c.c.assistant.service.TagService - 进入 TagService.findAll()方法.
11:42:52.629 [http-bio-9080-exec-7] DEBUG c.c.a.controller.HistoryController - 进入 HistoryController.history()
11:42:54.797 [http-bio-9080-exec-7] DEBUG c.c.a.controller.TagController - 进入 TagController.settingsTags()
11:42:54.999 [http-bio-9080-exec-7] DEBUG c.c.a.controller.TagController - 进入 TagController.customer()
11:42:55.000 [http-bio-9080-exec-7] DEBUG c.c.assistant.service.TagService - 进入 TagService.findAll()方法.
11:42:55.725 [http-bio-9080-exec-7] DEBUG c.c.a.controller.HistoryController - 进入 HistoryController.history()
13:37:29.010 [http-bio-9080-exec-2] DEBUG c.c.a.controller.LoginController - 进入 LoginController.login()
13:37:34.280 [http-bio-9080-exec-2] DEBUG c.c.assistant.service.ShiroDbRealm - 进入 ShiroDbRealm.doGetAuthenticationInfo()
13:37:34.299 [http-bio-9080-exec-2] DEBUG c.c.a.controller.HomeController - 进入 HomeController.home()
13:45:14.736 [http-bio-9080-exec-6] DEBUG c.c.a.controller.TagController - 进入 TagController.settingsTags()
13:45:15.144 [http-bio-9080-exec-6] DEBUG c.c.a.controller.TagController - 进入 TagController.customer()
13:45:15.145 [http-bio-9080-exec-6] DEBUG c.c.assistant.service.TagService - 进入 TagService.findAll()方法.
13:46:25.578 [main] DEBUG c.c.a.service.CustomerService - 进入 CustInfoService.findCustInfoById()
13:46:25.589 [main] DEBUG c.c.a.service.CustomerService - 进入 CustInfoService.deleteCustInfoById()
13:46:25.865 [main] DEBUG c.c.assistant.service.TagService - 进入 TagService.saveTag()方法.
13:46:25.929 [main] DEBUG c.c.assistant.service.TagService - 进入 CustInfoService.getCustomersByTagId()
13:49:07.505 [localhost-startStop-1] DEBUG c.c.assistant.service.ShiroDbRealm - 进入 ShiroDbRealm.setAccountInfoService()
13:49:07.506 [localhost-startStop-1] DEBUG c.c.assistant.service.ShiroDbRealm - 进入 ShiroDbRealm.initCredentialsMatcher()
13:49:09.091 [http-bio-9080-exec-7] DEBUG c.c.a.controller.LoginController - 进入 LoginController.login()
13:49:14.358 [http-bio-9080-exec-1] DEBUG c.c.assistant.service.ShiroDbRealm - 进入 ShiroDbRealm.doGetAuthenticationInfo()
13:49:14.467 [http-bio-9080-exec-2] DEBUG c.c.a.controller.TagController - 进入 TagController.settingsTags()
13:49:15.051 [http-bio-9080-exec-2] DEBUG c.c.a.controller.TagController - 进入 TagController.customer()
13:49:15.051 [http-bio-9080-exec-2] DEBUG c.c.assistant.service.TagService - 进入 TagService.findAll()方法.
13:52:11.411 [http-bio-9080-exec-7] DEBUG c.c.a.controller.TagController - 进入 TagController.settingsTags()
13:52:12.977 [http-bio-9080-exec-3] DEBUG c.c.a.controller.TagController - 进入 TagController.customer()
13:52:12.977 [http-bio-9080-exec-3] DEBUG c.c.assistant.service.TagService - 进入 TagService.findAll()方法.
13:52:23.880 [http-bio-9080-exec-3] DEBUG c.c.a.controller.TagController - 进入 TagController.settingsTags()
13:52:28.091 [http-bio-9080-exec-3] DEBUG c.c.a.controller.TagController - 进入 TagController.customer()
13:52:28.091 [http-bio-9080-exec-3] DEBUG c.c.assistant.service.TagService - 进入 TagService.findAll()方法.
13:52:28.345 [http-bio-9080-exec-3] DEBUG c.c.a.controller.TagController - 进入 TagController.settingsTags()
13:52:31.969 [http-bio-9080-exec-5] DEBUG c.c.a.controller.TagController - 进入 TagController.customer()
13:52:31.969 [http-bio-9080-exec-5] DEBUG c.c.assistant.service.TagService - 进入 TagService.findAll()方法.
13:53:24.029 [localhost-startStop-1] DEBUG c.c.assistant.service.ShiroDbRealm - 进入 ShiroDbRealm.setAccountInfoService()
13:53:24.030 [localhost-startStop-1] DEBUG c.c.assistant.service.ShiroDbRealm - 进入 ShiroDbRealm.initCredentialsMatcher()
13:56:09.845 [http-bio-9080-exec-2] DEBUG c.c.a.controller.LoginController - 进入 LoginController.login()
13:56:48.103 [http-bio-9080-exec-1] DEBUG c.c.a.controller.LoginController - 进入 LoginController.login()
13:57:16.473 [http-bio-9080-exec-1] DEBUG c.c.a.controller.LoginController - 进入 LoginController.login()
13:58:47.708 [http-bio-9080-exec-4] DEBUG c.c.a.controller.LoginController - 进入 LoginController.login()
13:58:57.321 [http-bio-9080-exec-4] DEBUG c.c.a.controller.LoginController - 进入 LoginController.login()
13:59:01.220 [http-bio-9080-exec-6] DEBUG c.c.assistant.service.ShiroDbRealm - 进入 ShiroDbRealm.doGetAuthenticationInfo()
13:59:01.319 [http-bio-9080-exec-6] DEBUG c.c.a.controller.TagController - 进入 TagController.settingsTags()
13:59:03.007 [http-bio-9080-exec-6] DEBUG c.c.a.controller.TagController - 进入 TagController.customer()
13:59:03.007 [http-bio-9080-exec-6] DEBUG c.c.assistant.service.TagService - 进入 TagService.findAll()方法.
13:59:33.220 [http-bio-9080-exec-7] DEBUG c.c.a.controller.CustomerController - 进入 CustomerController.customer()
13:59:58.451 [http-bio-9080-exec-9] DEBUG c.c.a.controller.HomeController - 进入 HomeController.home()
13:59:59.690 [http-bio-9080-exec-9] DEBUG c.c.a.controller.CustomerController - 进入 CustomerController.customer()
14:00:57.865 [http-bio-9080-exec-9] DEBUG c.c.a.controller.CustomerController - 进入 CustomerController.customer()
14:01:01.227 [http-bio-9080-exec-9] DEBUG c.c.a.controller.CustomerController - 进入 CustomerController.customer()
14:01:20.154 [http-bio-9080-exec-8] DEBUG c.c.a.controller.CustomerController - 进入 CustomerController.customer()
14:01:22.667 [http-bio-9080-exec-8] DEBUG c.c.a.controller.ScheduleController - 进入 ScheduleController.schedule()
14:01:23.931 [http-bio-9080-exec-2] DEBUG c.c.a.controller.CustomerController - 进入 CustomerController.customer()
14:02:21.555 [http-bio-9080-exec-2] DEBUG c.c.a.controller.CustomerController - 进入 CustomerController.customer()
14:03:52.938 [http-bio-9080-exec-10] DEBUG c.c.a.controller.CustomerController - 进入 CustomerController.customer()
14:04:09.412 [http-bio-9080-exec-3] DEBUG c.c.a.controller.CustomerController - 进入 CustomerController.customer()
14:04:25.750 [http-bio-9080-exec-10] DEBUG c.c.a.controller.CustomerController - 进入 CustomerController.customer()
14:05:24.297 [http-bio-9080-exec-8] DEBUG c.c.a.controller.CustomerController - 进入 CustomerController.customer()
14:05:33.099 [http-bio-9080-exec-10] DEBUG c.c.a.controller.CustomerController - 进入 CustomerController.customer()
14:06:36.727 [http-bio-9080-exec-3] DEBUG c.c.a.controller.CustomerController - 进入 CustomerController.customer()
14:07:13.142 [http-bio-9080-exec-2] DEBUG c.c.a.controller.CustomerController - 进入 CustomerController.customer()
14:07:45.274 [http-bio-9080-exec-7] DEBUG c.c.a.controller.CustomerController - 进入 CustomerController.customer()
14:08:21.526 [http-bio-9080-exec-9] DEBUG c.c.a.controller.CustomerController - 进入 CustomerController.customer()
14:13:04.476 [http-bio-9080-exec-3] DEBUG c.c.a.controller.HomeController - 进入 HomeController.home()
14:13:06.649 [http-bio-9080-exec-6] DEBUG c.c.a.controller.CustomerController - 进入 CustomerController.customer()
14:17:19.987 [http-bio-9080-exec-1] DEBUG c.c.a.controller.CustomerController - 进入 CustomerController.customer()
14:18:47.400 [http-bio-9080-exec-7] DEBUG c.c.a.controller.CustomerController - 进入 CustomerController.customer()
14:19:25.070 [http-bio-9080-exec-6] DEBUG c.c.a.controller.CustomerController - 进入 CustomerController.customer()
14:19:33.256 [http-bio-9080-exec-9] DEBUG c.c.a.controller.CustomerController - 进入 CustomerController.customer()
14:19:46.496 [http-bio-9080-exec-1] DEBUG c.c.a.controller.CustomerController - 进入 CustomerController.customer()
14:19:48.617 [http-bio-9080-exec-1] DEBUG c.c.a.controller.CustomerController - 进入 CustomerController.customer()
14:21:54.079 [http-bio-9080-exec-5] DEBUG c.c.a.controller.CustomerController - 进入 CustomerController.customer()
14:21:59.408 [http-bio-9080-exec-5] DEBUG c.c.a.controller.CustomerController - 进入 CustomerController.customer()
14:22:45.282 [http-bio-9080-exec-8] DEBUG c.c.a.controller.CustomerController - 进入 CustomerController.customer()
14:26:36.465 [http-bio-9080-exec-4] DEBUG c.c.a.controller.CustomerController - 进入 CustomerController.customer()
14:29:02.865 [http-bio-9080-exec-3] DEBUG c.c.a.controller.TagController - 进入 TagController.settingsTags()
14:29:03.815 [http-bio-9080-exec-9] DEBUG c.c.a.controller.TagController - 进入 TagController.customer()
14:29:03.815 [http-bio-9080-exec-9] DEBUG c.c.assistant.service.TagService - 进入 TagService.findAll()方法.
14:29:04.003 [http-bio-9080-exec-9] DEBUG c.c.a.controller.CustomerController - 进入 CustomerController.customer()
14:29:09.607 [http-bio-9080-exec-3] DEBUG c.c.a.controller.CustomerController - 进入 CustomerController.customer()
14:30:10.101 [http-bio-9080-exec-4] DEBUG c.c.a.controller.CustomerController - 进入 CustomerController.customer()
14:30:23.185 [http-bio-9080-exec-7] DEBUG c.c.a.controller.ScheduleController - 进入 ScheduleController.schedule()
14:30:24.089 [http-bio-9080-exec-7] DEBUG c.c.a.controller.CustomerController - 进入 CustomerController.customer()
14:41:26.893 [http-bio-9080-exec-2] DEBUG c.c.a.controller.CustomerController - 进入 CustomerController.customer()
14:51:20.499 [http-bio-9080-exec-8] DEBUG c.c.a.controller.CustomerController - 进入 CustomerController.customer()
15:17:38.667 [localhost-startStop-1] DEBUG c.c.assistant.service.ShiroDbRealm - ???? ShiroDbRealm.setAccountInfoService()
15:17:38.668 [localhost-startStop-1] DEBUG c.c.assistant.service.ShiroDbRealm - ???? ShiroDbRealm.initCredentialsMatcher()
15:25:50.558 [http-bio-9080-exec-4] DEBUG c.c.a.controller.LoginController - ???? LoginController.login()
15:25:56.654 [http-bio-9080-exec-10] DEBUG c.c.assistant.service.ShiroDbRealm - ???? ShiroDbRealm.doGetAuthenticationInfo()
15:25:56.874 [http-bio-9080-exec-10] DEBUG c.c.a.controller.CustomerController - 进入 CustomerController.customer()
15:26:01.817 [http-bio-9080-exec-10] DEBUG c.c.a.controller.CustomerController - 进入 CustomerController.customer()
15:31:24.333 [http-bio-9080-exec-1] DEBUG c.c.a.controller.CustomerController - 进入 CustomerController.customer()
15:32:52.239 [http-bio-9080-exec-8] DEBUG c.c.a.controller.CustomerController - 进入 CustomerController.customer()
15:33:49.450 [http-bio-9080-exec-1] DEBUG c.c.a.controller.CustomerController - 进入 CustomerController.customer()
15:43:37.191 [http-bio-9080-exec-2] DEBUG c.c.a.controller.CustomerController - 进入 CustomerController.customer()
15:43:41.426 [http-bio-9080-exec-3] DEBUG c.c.a.controller.CustomerController - 进入 CustomerController.customer()
15:44:00.491 [http-bio-9080-exec-10] DEBUG c.c.a.controller.CustomerController - 进入 CustomerController.customer()
15:44:02.099 [http-bio-9080-exec-10] DEBUG c.c.a.controller.CustomerController - 进入 CustomerController.customer()
15:44:03.258 [http-bio-9080-exec-10] DEBUG c.c.a.controller.CustomerController - 进入 CustomerController.customer()
15:44:04.515 [http-bio-9080-exec-10] DEBUG c.c.a.controller.CustomerController - 进入 CustomerController.customer()
15:44:05.617 [http-bio-9080-exec-10] DEBUG c.c.a.controller.CustomerController - 进入 CustomerController.customer()
15:44:08.763 [http-bio-9080-exec-10] DEBUG c.c.a.controller.CustomerController - 进入 CustomerController.customer()
15:45:28.597 [http-bio-9080-exec-6] DEBUG c.c.a.controller.CustomerController - 进入 CustomerController.customer()
15:45:58.995 [http-bio-9080-exec-8] DEBUG c.c.a.controller.CustomerController - 进入 CustomerController.customer()
15:46:26.252 [http-bio-9080-exec-4] DEBUG c.c.a.controller.CustomerController - 进入 CustomerController.customer()
15:46:27.444 [http-bio-9080-exec-8] DEBUG c.c.a.controller.LoginController - ???? LoginController.login()
15:46:30.101 [http-bio-9080-exec-8] DEBUG c.c.a.controller.LoginController - ???? LoginController.fail()
15:46:33.155 [http-bio-9080-exec-8] DEBUG c.c.a.controller.HomeController - ???? HomeController.home()
15:46:34.645 [http-bio-9080-exec-8] DEBUG c.c.a.controller.HistoryController - ???? HistoryController.history()
15:46:36.169 [http-bio-9080-exec-8] DEBUG c.c.a.controller.CustomerController - 进入 CustomerController.customer()
15:47:27.048 [http-bio-9080-exec-8] DEBUG c.c.a.controller.CustomerController - 进入 CustomerController.customer()
15:47:35.907 [http-bio-9080-exec-5] DEBUG c.c.a.controller.CustomerController - 进入 CustomerController.customer()
15:47:49.933 [http-bio-9080-exec-3] DEBUG c.c.a.controller.CustomerController - 进入 CustomerController.customer()
15:48:12.117 [http-bio-9080-exec-9] DEBUG c.c.a.controller.CustomerController - 进入 CustomerController.customer()
15:48:24.964 [http-bio-9080-exec-2] DEBUG c.c.a.controller.CustomerController - 进入 CustomerController.customer()
15:58:09.350 [http-bio-9080-exec-8] DEBUG c.c.a.controller.CustomerController - 进入 CustomerController.customer()
16:05:36.784 [http-bio-9080-exec-5] DEBUG c.c.a.controller.CustomerController - 进入 CustomerController.customer()
16:06:00.387 [http-bio-9080-exec-8] DEBUG c.c.a.controller.CustomerController - 进入 CustomerController.customer()
16:06:15.028 [http-bio-9080-exec-10] DEBUG c.c.a.controller.CustomerController - 进入 CustomerController.customer()
16:06:58.069 [http-bio-9080-exec-2] DEBUG c.c.a.controller.CustomerController - 进入 CustomerController.customer()
16:07:23.745 [http-bio-9080-exec-8] DEBUG c.c.a.controller.CustomerController - 进入 CustomerController.customer()
16:07:36.982 [http-bio-9080-exec-10] DEBUG c.c.a.controller.CustomerController - 进入 CustomerController.customer()
16:07:54.346 [http-bio-9080-exec-3] DEBUG c.c.a.controller.CustomerController - 进入 CustomerController.customer()
16:08:10.101 [http-bio-9080-exec-2] DEBUG c.c.a.controller.CustomerController - 进入 CustomerController.customer()
16:08:52.218 [http-bio-9080-exec-6] DEBUG c.c.a.controller.CustomerController - 进入 CustomerController.customer()
16:09:18.817 [http-bio-9080-exec-8] DEBUG c.c.a.controller.CustomerController - 进入 CustomerController.customer()
16:16:59.688 [http-bio-9080-exec-10] DEBUG c.c.a.controller.CustomerController - 进入 CustomerController.customer()
16:17:15.079 [http-bio-9080-exec-1] DEBUG c.c.a.controller.CustomerController - 进入 CustomerController.customer()
16:17:31.533 [http-bio-9080-exec-4] DEBUG c.c.a.controller.CustomerController - 进入 CustomerController.customer()
16:19:33.183 [http-bio-9080-exec-3] DEBUG c.c.a.controller.CustomerController - 进入 CustomerController.customer()
16:20:12.556 [http-bio-9080-exec-1] DEBUG c.c.a.controller.CustomerController - 进入 CustomerController.customer()
16:31:57.275 [http-bio-9080-exec-10] DEBUG c.c.a.controller.CustomerController - 进入 CustomerController.customer()
16:35:25.881 [http-bio-9080-exec-1] DEBUG c.c.a.controller.CustomerController - 进入 CustomerController.customer()
16:35:53.183 [http-bio-9080-exec-7] DEBUG c.c.a.controller.CustomerController - 进入 CustomerController.customer()
16:36:09.521 [http-bio-9080-exec-2] DEBUG c.c.a.controller.CustomerController - 进入 CustomerController.customer()
16:37:32.946 [http-bio-9080-exec-7] DEBUG c.c.a.controller.CustomerController - 进入 CustomerController.customer()
16:39:11.890 [http-bio-9080-exec-5] DEBUG c.c.a.controller.CustomerController - 进入 CustomerController.customer()
16:41:22.453 [http-bio-9080-exec-3] DEBUG c.c.a.controller.CustomerController - 进入 CustomerController.customer()
16:43:28.590 [http-bio-9080-exec-1] DEBUG c.c.a.controller.CustomerController - 进入 CustomerController.customer()
16:43:46.604 [http-bio-9080-exec-2] DEBUG c.c.a.controller.CustomerController - 进入 CustomerController.customer()
16:44:28.446 [http-bio-9080-exec-7] DEBUG c.c.a.controller.CustomerController - 进入 CustomerController.customer()
16:44:30.397 [http-bio-9080-exec-7] DEBUG c.c.a.controller.HistoryController - ???? HistoryController.history()
16:44:31.725 [http-bio-9080-exec-7] DEBUG c.c.a.controller.CustomerController - 进入 CustomerController.customer()
16:44:39.254 [http-bio-9080-exec-7] DEBUG c.c.a.controller.CustomerController - 进入 CustomerController.customer()
16:44:58.168 [http-bio-9080-exec-2] DEBUG c.c.a.controller.CustomerController - 进入 CustomerController.customer()
16:46:53.892 [http-bio-9080-exec-8] DEBUG c.c.a.controller.CustomerController - 进入 CustomerController.customer()
16:47:37.915 [http-bio-9080-exec-8] DEBUG c.c.a.controller.CustomerController - 进入 CustomerController.customer()
16:48:44.391 [http-bio-9080-exec-5] DEBUG c.c.a.controller.CustomerController - 进入 CustomerController.customer()
16:49:13.521 [http-bio-9080-exec-6] DEBUG c.c.a.controller.CustomerController - 进入 CustomerController.customer()
16:51:08.444 [http-bio-9080-exec-5] DEBUG c.c.a.controller.CustomerController - 进入 CustomerController.customer()
16:51:15.555 [http-bio-9080-exec-5] DEBUG c.c.a.controller.CustomerController - 进入 CustomerController.customer()
16:51:36.610 [http-bio-9080-exec-3] DEBUG c.c.a.controller.CustomerController - 进入 CustomerController.customer()
17:07:57.677 [http-bio-9080-exec-6] DEBUG c.c.a.controller.CustomerController - 进入 CustomerController.customer()
17:08:11.939 [http-bio-9080-exec-10] DEBUG c.c.a.controller.CustomerController - 进入 CustomerController.customer()
17:09:24.869 [http-bio-9080-exec-1] DEBUG c.c.a.controller.CustomerController - 进入 CustomerController.customer()
17:09:40.344 [http-bio-9080-exec-4] DEBUG c.c.a.controller.CustomerController - 进入 CustomerController.customer()
17:10:48.707 [http-bio-9080-exec-8] DEBUG c.c.a.controller.CustomerController - 进入 CustomerController.customer()
17:12:48.217 [http-bio-9080-exec-3] DEBUG c.c.a.controller.CustomerController - 进入 CustomerController.customer()
17:12:53.895 [http-bio-9080-exec-7] DEBUG c.c.a.controller.CustomerController - 进入 CustomerController.customer()
17:14:58.512 [http-bio-9080-exec-4] DEBUG c.c.a.controller.CustomerController - 进入 CustomerController.customer()
17:36:50.867 [http-bio-9080-exec-1] DEBUG c.c.a.controller.LoginController - ???? LoginController.login()
17:36:55.039 [http-bio-9080-exec-1] DEBUG c.c.assistant.service.ShiroDbRealm - ???? ShiroDbRealm.doGetAuthenticationInfo()
17:36:55.079 [http-bio-9080-exec-1] DEBUG c.c.a.controller.CustomerController - 进入 CustomerController.customer()
17:38:47.251 [localhost-startStop-1] DEBUG c.c.assistant.service.ShiroDbRealm - ???? ShiroDbRealm.setAccountInfoService()
17:38:47.253 [localhost-startStop-1] DEBUG c.c.assistant.service.ShiroDbRealm - ???? ShiroDbRealm.initCredentialsMatcher()
