17:24:10.129 [localhost-startStop-1] DEBUG c.c.assistant.service.ShiroDbRealm - ?? ShiroDbRealm.setAccountInfoService()
17:24:10.130 [localhost-startStop-1] DEBUG c.c.assistant.service.ShiroDbRealm - ?? ShiroDbRealm.initCredentialsMatcher()
17:26:52.788 [http-bio-9080-exec-6] DEBUG c.c.a.controller.LoginController - ?? LoginController.login()
17:26:57.626 [http-bio-9080-exec-8] DEBUG c.c.assistant.service.ShiroDbRealm - ?? ShiroDbRealm.doGetAuthenticationInfo()
17:26:57.722 [http-bio-9080-exec-8] DEBUG c.c.a.controller.HomeController - ?? HomeController.home()
17:27:10.692 [http-bio-9080-exec-8] DEBUG c.c.a.controller.CustomerController - ?? CustomerController.customer()
17:27:10.980 [http-bio-9080-exec-9] DEBUG c.c.a.controller.CustomerController - ?? CustomerController.getAll()
17:27:10.998 [http-bio-9080-exec-9] DEBUG c.c.a.service.CustomerService - ?? CustomerService.findCustInfoById()
17:27:17.890 [http-bio-9080-exec-9] DEBUG c.c.a.controller.CustomerController - ?? CustomerController.delete()
17:27:17.891 [http-bio-9080-exec-9] DEBUG c.c.a.service.CustomerService - ?? CustomerService.deleteCustInfoById()
17:27:27.509 [http-bio-9080-exec-9] DEBUG c.c.a.controller.CustomerController - ?? CustomerController.customer()
17:27:27.642 [http-bio-9080-exec-2] DEBUG c.c.a.controller.CustomerController - ?? CustomerController.getAll()
17:27:27.642 [http-bio-9080-exec-2] DEBUG c.c.a.service.CustomerService - ?? CustomerService.findCustInfoById()
17:27:29.932 [http-bio-9080-exec-2] DEBUG c.c.a.controller.CustomerController - ?? CustomerController.customer()
17:27:30.066 [http-bio-9080-exec-13] DEBUG c.c.a.controller.CustomerController - ?? CustomerController.getAll()
17:27:30.066 [http-bio-9080-exec-13] DEBUG c.c.a.service.CustomerService - ?? CustomerService.findCustInfoById()
17:27:37.696 [http-bio-9080-exec-13] DEBUG c.c.a.controller.CustomerController - ?? CustomerController.customer()
17:27:37.825 [http-bio-9080-exec-12] DEBUG c.c.a.controller.CustomerController - ?? CustomerController.getAll()
17:27:37.825 [http-bio-9080-exec-12] DEBUG c.c.a.service.CustomerService - ?? CustomerService.findCustInfoById()
17:27:43.288 [http-bio-9080-exec-12] DEBUG c.c.a.controller.CustomerController - ?? CustomerController.delete()
17:27:43.289 [http-bio-9080-exec-12] DEBUG c.c.a.service.CustomerService - ?? CustomerService.deleteCustInfoById()
17:28:39.898 [http-bio-9080-exec-12] DEBUG c.c.a.controller.CustomerController - ?? CustomerController.add()
17:28:39.898 [http-bio-9080-exec-12] DEBUG c.c.a.controller.CustomerController - #customer=CustInfo [custId=null, custName=??, custCompany=????, custJob=?????, custAddress=?????, custPortrait=null, remark=??????, emails=null, phones=null]
17:28:39.898 [http-bio-9080-exec-12] DEBUG c.c.a.service.CustomerService - ?? CustomerService.save()
17:28:49.416 [http-bio-9080-exec-12] DEBUG c.c.a.controller.CustomerController - ?? CustomerController.update()
17:28:53.929 [http-bio-9080-exec-12] DEBUG c.c.a.controller.CustomerController - ?? CustomerController.delete()
17:28:53.930 [http-bio-9080-exec-12] DEBUG c.c.a.service.CustomerService - ?? CustomerService.deleteCustInfoById()
17:29:29.980 [http-bio-9080-exec-10] DEBUG c.c.a.controller.LoginController - ?? LoginController.login()
17:29:33.929 [http-bio-9080-exec-10] DEBUG c.c.assistant.service.ShiroDbRealm - ?? ShiroDbRealm.doGetAuthenticationInfo()
17:29:33.939 [http-bio-9080-exec-10] DEBUG c.c.a.controller.CustomerController - ?? CustomerController.customer()
17:29:34.136 [http-bio-9080-exec-10] DEBUG c.c.a.controller.CustomerController - ?? CustomerController.getAll()
17:29:34.136 [http-bio-9080-exec-10] DEBUG c.c.a.service.CustomerService - ?? CustomerService.findCustInfoById()
17:30:28.888 [http-bio-9080-exec-10] DEBUG c.c.a.controller.CustomerController - ?? CustomerController.add()
17:30:28.889 [http-bio-9080-exec-10] DEBUG c.c.a.controller.CustomerController - #customer=CustInfo [custId=null, custName=??, custCompany=??????????, custJob=?????, custAddress=?????, custPortrait=null, remark=????, emails=[EmailInfo [emailId=null, emailDesc=null, emailAddress=13211111111@gmail.com]], phones=[PhoneInfo [phoneId=null, phoneDesc=null, phoneNo=13211111111]]]
17:30:28.889 [http-bio-9080-exec-10] DEBUG c.c.a.service.CustomerService - ?? CustomerService.save()
21:22:24.208 [localhost-startStop-1] DEBUG c.c.assistant.service.ShiroDbRealm - ?? ShiroDbRealm.setAccountInfoService()
21:22:24.208 [localhost-startStop-1] DEBUG c.c.assistant.service.ShiroDbRealm - ?? ShiroDbRealm.initCredentialsMatcher()
21:26:18.268 [http-bio-9080-exec-7] DEBUG c.c.a.controller.LoginController - ?? LoginController.login()
21:26:22.930 [http-bio-9080-exec-12] DEBUG c.c.assistant.service.ShiroDbRealm - ?? ShiroDbRealm.doGetAuthenticationInfo()
21:26:23.023 [http-bio-9080-exec-12] DEBUG c.c.a.controller.CustomerController - ?? CustomerController.customer()
21:26:23.197 [http-bio-9080-exec-3] DEBUG c.c.a.controller.CustomerController - ?? CustomerController.getAll()
21:26:23.217 [http-bio-9080-exec-3] DEBUG c.c.a.service.CustomerService - ?? CustomerService.findCustInfoById()
21:27:35.244 [http-bio-9080-exec-1] DEBUG c.c.a.controller.CustomerController - ?? CustomerController.add()
21:27:35.245 [http-bio-9080-exec-1] DEBUG c.c.a.controller.CustomerController - #customer=CustInfo [custId=null, custName=??, custCompany=????, custJob=????, custAddress=????????147?, custPortrait=null, remark=xxxx??, emails=[EmailInfo [emailId=null, emailDesc=null, emailAddress=t2@gmail.com]], phones=[PhoneInfo [phoneId=null, phoneDesc=null, phoneNo=1322222222]]]
21:28:02.725 [http-bio-9080-exec-1] DEBUG c.c.a.service.CustomerService - ?? CustomerService.save()
21:56:59.191 [localhost-startStop-1] DEBUG c.c.assistant.service.ShiroDbRealm - ?? ShiroDbRealm.setAccountInfoService()
21:56:59.191 [localhost-startStop-1] DEBUG c.c.assistant.service.ShiroDbRealm - ?? ShiroDbRealm.initCredentialsMatcher()
21:58:00.968 [http-bio-9080-exec-7] DEBUG c.c.a.controller.LoginController - ?? LoginController.login()
21:58:06.123 [http-bio-9080-exec-8] DEBUG c.c.assistant.service.ShiroDbRealm - ?? ShiroDbRealm.doGetAuthenticationInfo()
21:58:06.235 [http-bio-9080-exec-9] DEBUG c.c.a.controller.CustomerController - ?? CustomerController.customer()
21:58:06.434 [http-bio-9080-exec-10] DEBUG c.c.a.controller.CustomerController - ?? CustomerController.getAll()
21:58:06.457 [http-bio-9080-exec-10] DEBUG c.c.a.service.CustomerService - ?? CustomerService.findCustInfoById()
21:59:10.449 [http-bio-9080-exec-8] DEBUG c.c.a.controller.CustomerController - ?? CustomerController.add()
21:59:10.449 [http-bio-9080-exec-8] DEBUG c.c.a.controller.CustomerController - #customer=CustInfo [custId=null, custName=??, custCompany=????, custJob=????, custAddress=????????111, custPortrait=null, remark=????, emails=[EmailInfo [emailId=null, emailDesc=null, emailAddress=t2@gmail.com]], phones=[PhoneInfo [phoneId=null, phoneDesc=null, phoneNo=132222222]]]
21:59:28.648 [http-bio-9080-exec-8] DEBUG c.c.a.service.CustomerService - ?? CustomerService.save()
22:00:23.467 [http-bio-9080-exec-8] DEBUG c.c.a.controller.CustomerController - ?? CustomerController.delete()
22:00:23.468 [http-bio-9080-exec-8] DEBUG c.c.a.service.CustomerService - ?? CustomerService.deleteCustInfoById()
22:01:47.559 [http-bio-9080-exec-7] DEBUG c.c.a.controller.CustomerController - ?? CustomerController.add()
22:01:47.559 [http-bio-9080-exec-7] DEBUG c.c.a.controller.CustomerController - #customer=CustInfo [custId=null, custName=??, custCompany=????, custJob=????, custAddress=????????, custPortrait=null, remark=????, emails=[EmailInfo [emailId=null, emailDesc=null, emailAddress=t2@gmail.com]], phones=[PhoneInfo [phoneId=null, phoneDesc=null, phoneNo=132222222]]]
22:02:31.112 [http-bio-9080-exec-7] DEBUG c.c.a.service.CustomerService - ?? CustomerService.save()
22:02:37.330 [http-bio-9080-exec-7] DEBUG c.c.a.controller.CustomerController - ?? CustomerController.delete()
22:02:37.331 [http-bio-9080-exec-7] DEBUG c.c.a.service.CustomerService - ?? CustomerService.deleteCustInfoById()
22:13:37.588 [http-bio-9080-exec-10] DEBUG c.c.a.controller.CustomerController - ?? CustomerController.customer()
22:13:37.593 [http-bio-9080-exec-9] DEBUG c.c.a.controller.CustomerController - ?? CustomerController.add()
22:13:37.593 [http-bio-9080-exec-9] DEBUG c.c.a.controller.CustomerController - #customer=CustInfo [custId=null, custName=??, custCompany=????, custJob=?????, custAddress=????????147?, custPortrait=null, remark=??? , emails=[EmailInfo [emailId=null, emailDesc=null, emailAddress=t2@g.com]], phones=[PhoneInfo [phoneId=null, phoneDesc=null, phoneNo=132222222]]]
22:13:38.891 [http-bio-9080-exec-15] DEBUG c.c.a.controller.CustomerController - ?? CustomerController.getAll()
22:13:38.891 [http-bio-9080-exec-15] DEBUG c.c.a.service.CustomerService - ?? CustomerService.findCustInfoById()
22:15:07.351 [http-bio-9080-exec-9] DEBUG c.c.a.service.CustomerService - ?? CustomerService.save()
22:18:08.928 [http-bio-9080-exec-7] DEBUG c.c.a.controller.CustomerController - ?? CustomerController.add()
22:18:08.928 [http-bio-9080-exec-7] DEBUG c.c.a.controller.CustomerController - #customer=CustInfo [custId=null, custName=xxxx, custCompany=qn, custJob=soft, custAddress=??, custPortrait=null, remark=??????, emails=null, phones=null]
23:10:55.127 [http-bio-9080-exec-7] DEBUG c.c.a.service.CustomerService - ?? CustomerService.save()
23:11:16.361 [http-bio-9080-exec-3] DEBUG c.c.a.controller.LoginController - ?? LoginController.login()
23:11:20.354 [http-bio-9080-exec-3] DEBUG c.c.assistant.service.ShiroDbRealm - ?? ShiroDbRealm.doGetAuthenticationInfo()
23:11:20.364 [http-bio-9080-exec-3] DEBUG c.c.a.controller.CustomerController - ?? CustomerController.customer()
23:11:20.557 [http-bio-9080-exec-14] DEBUG c.c.a.controller.CustomerController - ?? CustomerController.getAll()
23:11:20.557 [http-bio-9080-exec-14] DEBUG c.c.a.service.CustomerService - ?? CustomerService.findCustInfoById()
